<?xml version="1.0" encoding="UTF-8"?>
<!-- Generated by org.testng.reporters.JUnitXMLReporter -->
<testsuite hostname="DESKTOP-I0FN46G" ignored="0" name="Default test" tests="3" failures="0" timestamp="10 Dec 2021 06:36:50 GMT" time="11.975" errors="0">
  <testcase name="yahooTest" time="2.246" classname="testngTests.GoogleTest"/>
  <testcase name="facebookTest" time="1.826" classname="testngTests.GoogleTest"/>
  <testcase name="googleTest" time="3.671" classname="testngTests.GoogleTest"/>
</testsuite> <!-- Default test -->
