<?xml version="1.0" encoding="UTF-8"?>
<!-- Generated by org.testng.reporters.JUnitXMLReporter -->
<testsuite hostname="DESKTOP-I0FN46G" ignored="0" name="TestNG Test1" tests="3" failures="0" timestamp="21 Dec 2021 01:25:59 GMT" time="30.731" errors="0">
  <testcase name="facebookTest" time="18.052" classname="testngTests.ParallelTests"/>
  <testcase name="googleTest" time="3.139" classname="testngTests.ParallelTests"/>
  <testcase name="yahooTest" time="5.081" classname="testngTests.ParallelTests"/>
</testsuite> <!-- TestNG Test1 -->
