<?xml version="1.0" encoding="UTF-8"?>
<!-- Generated by org.testng.reporters.JUnitXMLReporter -->
<testsuite hostname="DESKTOP-I0FN46G" ignored="0" name="TestNG Test" tests="3" failures="0" timestamp="10 Dec 2021 06:50:00 GMT" time="11.748" errors="0">
  <testcase name="yahooTest" time="2.589" classname="testngTests.GoogleTest"/>
  <testcase name="facebookTest" time="1.489" classname="testngTests.GoogleTest"/>
  <testcase name="googleTest" time="4.028" classname="testngTests.GoogleTest"/>
</testsuite> <!-- TestNG Test -->
