<?xml version="1.0" encoding="UTF-8"?>
<!-- Generated by org.testng.reporters.JUnitXMLReporter -->
<testsuite hostname="DESKTOP-I0FN46G" ignored="0" name="TestNG Test" tests="3" failures="0" timestamp="16 Dec 2021 00:38:59 GMT" time="40.838" errors="0">
  <testcase name="facebookTest" time="25.483" classname="testngTests.ParallelTests"/>
  <testcase name="googleTest" time="4.461" classname="testngTests.ParallelTests"/>
  <testcase name="yahooTest" time="3.263" classname="testngTests.ParallelTests"/>
</testsuite> <!-- TestNG Test -->
