<?xml version="1.0" encoding="UTF-8"?>
<testng-results skipped="0" failed="0" ignored="0" total="1" passed="1">
  <reporter-output>
  </reporter-output>
  <suite name="Automation suite" duration-ms="28344" started-at="2022-01-08T12:19:33 IST" finished-at="2022-01-08T12:20:01 IST">
    <groups>
    </groups>
    <test name="Orange hrm tests" duration-ms="28344" started-at="2022-01-08T12:19:33 IST" finished-at="2022-01-08T12:20:01 IST">
      <class name="com.qa.tests.OHRM_LoginTest">
        <test-method status="PASS" signature="setup()[pri:0, instance:com.qa.tests.OHRM_LoginTest@e720b71]" name="setup" is-config="true" duration-ms="8649" started-at="2022-01-08T12:19:33 IST" finished-at="2022-01-08T12:19:41 IST">
          <reporter-output>
          </reporter-output>
        </test-method> <!-- setup -->
        <test-method status="PASS" signature="testMethod()[pri:0, instance:com.qa.tests.OHRM_LoginTest@e720b71]" name="testMethod" duration-ms="18939" started-at="2022-01-08T12:19:41 IST" finished-at="2022-01-08T12:20:00 IST">
          <reporter-output>
          </reporter-output>
        </test-method> <!-- testMethod -->
        <test-method status="PASS" signature="tearDown()[pri:0, instance:com.qa.tests.OHRM_LoginTest@e720b71]" name="tearDown" is-config="true" duration-ms="729" started-at="2022-01-08T12:20:00 IST" finished-at="2022-01-08T12:20:01 IST">
          <reporter-output>
          </reporter-output>
        </test-method> <!-- tearDown -->
      </class> <!-- com.qa.tests.OHRM_LoginTest -->
    </test> <!-- Orange hrm tests -->
  </suite> <!-- Automation suite -->
</testng-results>
