<?xml version="1.0" encoding="UTF-8"?>
<testng-results skipped="0" failed="0" ignored="0" total="1" passed="1">
  <reporter-output>
  </reporter-output>
  <suite name="Automation suite" duration-ms="38752" started-at="2022-01-08T11:24:06 IST" finished-at="2022-01-08T11:24:45 IST">
    <groups>
    </groups>
    <test name="Orange hrm tests" duration-ms="38752" started-at="2022-01-08T11:24:06 IST" finished-at="2022-01-08T11:24:45 IST">
      <class name="com.qa.tests.OHRM_LoginTest">
        <test-method status="PASS" signature="setup()[pri:0, instance:com.qa.tests.OHRM_LoginTest@2833cc44]" name="setup" is-config="true" duration-ms="24699" started-at="2022-01-08T11:24:06 IST" finished-at="2022-01-08T11:24:31 IST">
          <reporter-output>
          </reporter-output>
        </test-method> <!-- setup -->
        <test-method status="PASS" signature="testMethod()[pri:0, instance:com.qa.tests.OHRM_LoginTest@2833cc44]" name="testMethod" duration-ms="11952" started-at="2022-01-08T11:24:31 IST" finished-at="2022-01-08T11:24:43 IST">
          <reporter-output>
          </reporter-output>
        </test-method> <!-- testMethod -->
        <test-method status="PASS" signature="tearDown()[pri:0, instance:com.qa.tests.OHRM_LoginTest@2833cc44]" name="tearDown" is-config="true" duration-ms="1987" started-at="2022-01-08T11:24:43 IST" finished-at="2022-01-08T11:24:45 IST">
          <reporter-output>
          </reporter-output>
        </test-method> <!-- tearDown -->
      </class> <!-- com.qa.tests.OHRM_LoginTest -->
    </test> <!-- Orange hrm tests -->
  </suite> <!-- Automation suite -->
</testng-results>
