<?xml version="1.0" encoding="UTF-8"?>
<testng-results skipped="0" failed="0" ignored="0" total="1" passed="1">
  <reporter-output>
  </reporter-output>
  <suite name="Default suite" duration-ms="28753" started-at="2022-01-08T06:42:36Z" finished-at="2022-01-08T06:43:05Z">
    <groups>
    </groups>
    <test name="Default test" duration-ms="28753" started-at="2022-01-08T06:42:36Z" finished-at="2022-01-08T06:43:05Z">
      <class name="com.qa.tests.OHRM_LoginTest">
        <test-method status="PASS" signature="setup()[pri:0, instance:com.qa.tests.OHRM_LoginTest@2ac273d3]" name="setup" is-config="true" duration-ms="8921" started-at="2022-01-08T06:42:36Z" finished-at="2022-01-08T06:42:45Z">
          <reporter-output>
          </reporter-output>
        </test-method> <!-- setup -->
        <test-method status="PASS" signature="testMethod()[pri:0, instance:com.qa.tests.OHRM_LoginTest@2ac273d3]" name="testMethod" duration-ms="19162" started-at="2022-01-08T06:42:45Z" finished-at="2022-01-08T06:43:04Z">
          <reporter-output>
          </reporter-output>
        </test-method> <!-- testMethod -->
        <test-method status="PASS" signature="tearDown()[pri:0, instance:com.qa.tests.OHRM_LoginTest@2ac273d3]" name="tearDown" is-config="true" duration-ms="650" started-at="2022-01-08T06:43:04Z" finished-at="2022-01-08T06:43:05Z">
          <reporter-output>
          </reporter-output>
        </test-method> <!-- tearDown -->
      </class> <!-- com.qa.tests.OHRM_LoginTest -->
    </test> <!-- Default test -->
  </suite> <!-- Default suite -->
</testng-results>
