<?xml version="1.0" encoding="UTF-8"?>
<testng-results skipped="0" failed="0" ignored="0" total="4" passed="4">
  <reporter-output>
  </reporter-output>
  <suite name="Test Automation" duration-ms="23317" started-at="2021-12-13T01:22:57Z" finished-at="2021-12-13T01:23:20Z">
    <groups>
      <group name="Google">
        <method signature="TestngParametersTest.googleTest(java.lang.String, java.lang.String)[pri:1, instance:testngTests.TestngParametersTest@1593948d]" name="googleTest" class="testngTests.TestngParametersTest"/>
      </group> <!-- Google -->
    </groups>
    <test name="TestNG Test" duration-ms="23317" started-at="2021-12-13T01:22:57Z" finished-at="2021-12-13T01:23:20Z">
      <class name="testngTests.GoogleTest">
        <test-method status="PASS" signature="intialization()[pri:0, instance:testngTests.GoogleTest@1b604f19]" name="intialization" is-config="true" duration-ms="3394" started-at="2021-12-13T01:22:57Z" finished-at="2021-12-13T01:23:00Z">
          <reporter-output>
          </reporter-output>
        </test-method> <!-- intialization -->
        <test-method status="PASS" signature="setUp()[pri:0, instance:testngTests.TestngParametersTest@1593948d]" name="setUp" is-config="true" duration-ms="1671" started-at="2021-12-13T01:23:00Z" finished-at="2021-12-13T01:23:02Z">
          <reporter-output>
          </reporter-output>
        </test-method> <!-- setUp -->
        <test-method status="PASS" signature="yahooTest()[pri:1, instance:testngTests.GoogleTest@1b604f19]" name="yahooTest" duration-ms="1066" started-at="2021-12-13T01:23:05Z" finished-at="2021-12-13T01:23:06Z">
          <reporter-output>
          </reporter-output>
        </test-method> <!-- yahooTest -->
        <test-method status="PASS" signature="facebookTest()[pri:2, instance:testngTests.GoogleTest@1b604f19]" name="facebookTest" duration-ms="8411" started-at="2021-12-13T01:23:06Z" finished-at="2021-12-13T01:23:14Z">
          <reporter-output>
          </reporter-output>
        </test-method> <!-- facebookTest -->
        <test-method status="PASS" signature="googleTest()[pri:3, instance:testngTests.GoogleTest@1b604f19]" name="googleTest" duration-ms="4725" started-at="2021-12-13T01:23:14Z" finished-at="2021-12-13T01:23:19Z">
          <reporter-output>
          </reporter-output>
        </test-method> <!-- googleTest -->
        <test-method status="PASS" signature="tearDown()[pri:0, instance:testngTests.GoogleTest@1b604f19]" name="tearDown" is-config="true" duration-ms="719" started-at="2021-12-13T01:23:19Z" finished-at="2021-12-13T01:23:20Z">
          <reporter-output>
          </reporter-output>
        </test-method> <!-- tearDown -->
        <test-method status="PASS" signature="tearDown()[pri:0, instance:testngTests.TestngParametersTest@1593948d]" name="tearDown" is-config="true" duration-ms="0" started-at="2021-12-13T01:23:20Z" finished-at="2021-12-13T01:23:20Z">
          <reporter-output>
          </reporter-output>
        </test-method> <!-- tearDown -->
      </class> <!-- testngTests.GoogleTest -->
      <class name="testngTests.TestngParametersTest">
        <test-method status="PASS" signature="googleTest(java.lang.String, java.lang.String)[pri:1, instance:testngTests.TestngParametersTest@1593948d]" name="googleTest" duration-ms="3297" started-at="2021-12-13T01:23:02Z" finished-at="2021-12-13T01:23:05Z">
          <params>
            <param index="0">
              <value>
                <![CDATA[Google]]>
              </value>
            </param>
            <param index="1">
              <value>
                <![CDATA[https://www.google.com/]]>
              </value>
            </param>
          </params>
          <reporter-output>
          </reporter-output>
        </test-method> <!-- googleTest -->
      </class> <!-- testngTests.TestngParametersTest -->
    </test> <!-- TestNG Test -->
  </suite> <!-- Test Automation -->
</testng-results>
